1604422134676 - Writer initialised
1604422134679 - Running main writer execution loop
1604422134679 - Updating subscribed topics to: frozenset({'geowiki'})
1604422134725 - Topic geowiki is not available during auto-create initialization
1604422134833 - Topic geowiki is not available during auto-create initialization
1604422134937 - Metadata for topic has changed from {} to {'geowiki': 1}. 
1604422140400 - DB received message topic=geowiki|key=1|value={"client_id": "90993297", "request_id": "32854", "action": "INSERT", "table": "city", "name": "Lake Jessica", "parent_id": 116}|timestamp=1604422140374, sending received message to handler
1604422141416 - DB received message topic=geowiki|key=1|value={"client_id": "90993297", "request_id": "18319", "action": "DELETE", "table": "city", "id": 299}|timestamp=1604422141407, sending received message to handler
1604422142433 - DB received message topic=geowiki|key=1|value={"client_id": "90993297", "request_id": "52101", "action": "UPDATE", "table": "country", "attribute": "no_parks", "value": 47594, "id": 31}|timestamp=1604422142421, sending received message to handler
1604422143452 - DB received message topic=geowiki|key=1|value={"client_id": "90993297", "request_id": "38761", "action": "INSERT", "table": "city", "name": "Terranceberg", "parent_id": 49}|timestamp=1604422143449, sending received message to handler
1604422144480 - DB received message topic=geowiki|key=1|value={"client_id": "90993297", "request_id": "34215", "action": "INSERT", "table": "city", "name": "New Davidmouth", "parent_id": 34}|timestamp=1604422144476, sending received message to handler
1604422145412 - DB action message ID 32854 successful! 1 record(s) inserted
1604422145413 - Processing callback for message id 32854 to client 90993297
1604422145425 - DB received message not meant for DB, probably meant for client. Ignoring: topic=geowiki|key=90993297|value={'request_id': '32854', 'response': '1 record(s) inserted'}|timestamp=1604422145419
1604422145425 - Sent callback to client 90993297!
1604422145502 - DB received message topic=geowiki|key=1|value={"client_id": "90993297", "request_id": "67117", "action": "INSERT", "table": "city", "name": "North Lindafurt", "parent_id": 102}|timestamp=1604422145498, sending received message to handler
1604422146424 - DB action message ID 18319 successful! 1 record(s) deleted
1604422146424 - Processing callback for message id 18319 to client 90993297
1604422146455 - DB received message not meant for DB, probably meant for client. Ignoring: topic=geowiki|key=90993297|value={'request_id': '18319', 'response': '1 record(s) deleted'}|timestamp=1604422146440
1604422146456 - Sent callback to client 90993297!
1604422146522 - DB received message topic=geowiki|key=1|value={"client_id": "90993297", "request_id": "8084", "action": "INSERT", "table": "city", "name": "Lake Jorge", "parent_id": 112}|timestamp=1604422146519, sending received message to handler
1604422147446 - DB action message ID 52101 successful! 1 record(s) updated
1604422147446 - Processing callback for message id 52101 to client 90993297
1604422147476 - DB received message not meant for DB, probably meant for client. Ignoring: topic=geowiki|key=90993297|value={'request_id': '52101', 'response': '1 record(s) updated'}|timestamp=1604422147463
1604422147477 - Sent callback to client 90993297!
1604422147531 - DB received message topic=geowiki|key=1|value={"client_id": "90993297", "request_id": "94919", "action": "UPDATE", "table": "continent", "attribute": "area", "value": 844509, "id": 69}|timestamp=1604422147525, sending received message to handler
1604422148460 - DB action message ID 38761 successful! 1 record(s) inserted
1604422148461 - Processing callback for message id 38761 to client 90993297
1604422148489 - DB received message not meant for DB, probably meant for client. Ignoring: topic=geowiki|key=90993297|value={'request_id': '38761', 'response': '1 record(s) inserted'}|timestamp=1604422148476
1604422148490 - Sent callback to client 90993297!
1604422148538 - DB received message topic=geowiki|key=1|value={"client_id": "90993297", "request_id": "48476", "action": "DELETE", "table": "city", "id": 250}|timestamp=1604422148534, sending received message to handler
1604422149488 - DB action message ID 34215 successful! 1 record(s) inserted
1604422149488 - Processing callback for message id 34215 to client 90993297
1604422149504 - DB received message not meant for DB, probably meant for client. Ignoring: topic=geowiki|key=90993297|value={'request_id': '34215', 'response': '1 record(s) inserted'}|timestamp=1604422149499
1604422149504 - Sent callback to client 90993297!
1604422149545 - DB received message topic=geowiki|key=1|value={"client_id": "90993297", "request_id": "91751", "action": "UPDATE", "table": "continent", "attribute": "population", "value": 319830, "id": 16}|timestamp=1604422149542, sending received message to handler
1604422150510 - DB action message ID 67117 successful! 1 record(s) inserted
1604422150511 - Processing callback for message id 67117 to client 90993297
1604422150538 - DB received message not meant for DB, probably meant for client. Ignoring: topic=geowiki|key=90993297|value={'request_id': '67117', 'response': '1 record(s) inserted'}|timestamp=1604422150526
1604422150540 - Sent callback to client 90993297!
1604422150565 - DB received message topic=geowiki|key=1|value={"client_id": "90993297", "request_id": "72543", "action": "INSERT", "table": "city", "name": "Port Madisonberg", "parent_id": 108}|timestamp=1604422150562, sending received message to handler
1604422151530 - DB action message ID 8084 successful! 1 record(s) inserted
1604422151530 - Processing callback for message id 8084 to client 90993297
1604422151550 - DB received message not meant for DB, probably meant for client. Ignoring: topic=geowiki|key=90993297|value={'request_id': '8084', 'response': '1 record(s) inserted'}|timestamp=1604422151545
1604422151550 - Sent callback to client 90993297!
1604422151583 - DB received message topic=geowiki|key=1|value={"client_id": "90993297", "request_id": "29855", "action": "INSERT", "table": "city", "name": "South Patricia", "parent_id": 87}|timestamp=1604422151581, sending received message to handler
1604422152537 - DB action message ID 94919 successful! 0 record(s) updated
1604422152537 - Processing callback for message id 94919 to client 90993297
1604422152556 - DB received message not meant for DB, probably meant for client. Ignoring: topic=geowiki|key=90993297|value={'request_id': '94919', 'response': '0 record(s) updated'}|timestamp=1604422152552
1604422152557 - Sent callback to client 90993297!
1604422152588 - DB received message topic=geowiki|key=1|value={"client_id": "90993297", "request_id": "14682", "action": "UPDATE", "table": "continent", "attribute": "area", "value": 845382, "id": 38}|timestamp=1604422152585, sending received message to handler
1604422153544 - DB action message ID 48476 successful! 1 record(s) deleted
1604422153545 - Processing callback for message id 48476 to client 90993297
1604422153562 - DB received message not meant for DB, probably meant for client. Ignoring: topic=geowiki|key=90993297|value={'request_id': '48476', 'response': '1 record(s) deleted'}|timestamp=1604422153558
1604422153562 - Sent callback to client 90993297!
1604422153607 - DB received message topic=geowiki|key=1|value={"client_id": "90993297", "request_id": "30750", "action": "INSERT", "table": "city", "name": "Kimberlyfurt", "parent_id": 58}|timestamp=1604422153605, sending received message to handler
1604422154549 - DB action message ID 91751 successful! 0 record(s) updated
1604422154550 - Processing callback for message id 91751 to client 90993297
1604422154576 - DB received message not meant for DB, probably meant for client. Ignoring: topic=geowiki|key=90993297|value={'request_id': '91751', 'response': '0 record(s) updated'}|timestamp=1604422154564
1604422154577 - Sent callback to client 90993297!
1604422154653 - DB received message topic=geowiki|key=1|value={"client_id": "90993297", "request_id": "61999", "action": "INSERT", "table": "city", "name": "Teresaview", "parent_id": 117}|timestamp=1604422154649, sending received message to handler
1604422155573 - DB action message ID 72543 successful! 1 record(s) inserted
1604422155573 - Processing callback for message id 72543 to client 90993297
1604422155598 - DB received message not meant for DB, probably meant for client. Ignoring: topic=geowiki|key=90993297|value={'request_id': '72543', 'response': '1 record(s) inserted'}|timestamp=1604422155588
1604422155599 - Sent callback to client 90993297!
1604422155661 - DB received message topic=geowiki|key=1|value={"client_id": "90993297", "request_id": "59954", "action": "UPDATE", "table": "continent", "attribute": "area", "value": 445035, "id": 26}|timestamp=1604422155655, sending received message to handler
1604422156593 - DB action message ID 29855 successful! 1 record(s) inserted
1604422156593 - Processing callback for message id 29855 to client 90993297
1604422156619 - DB received message not meant for DB, probably meant for client. Ignoring: topic=geowiki|key=90993297|value={'request_id': '29855', 'response': '1 record(s) inserted'}|timestamp=1604422156609
1604422156619 - Sent callback to client 90993297!
1604422156705 - DB received message topic=geowiki|key=1|value={"client_id": "90993297", "request_id": "3839", "action": "INSERT", "table": "city", "name": "New Brandon", "parent_id": 97}|timestamp=1604422156702, sending received message to handler
1604422157593 - DB action message ID 14682 successful! 0 record(s) updated
1604422157593 - Processing callback for message id 14682 to client 90993297
1604422157613 - DB received message not meant for DB, probably meant for client. Ignoring: topic=geowiki|key=90993297|value={'request_id': '14682', 'response': '0 record(s) updated'}|timestamp=1604422157608
1604422157613 - Sent callback to client 90993297!
1604422157714 - DB received message topic=geowiki|key=1|value={"client_id": "90993297", "request_id": "54120", "action": "DELETE", "table": "city", "id": 170}|timestamp=1604422157708, sending received message to handler
1604422158616 - DB action message ID 30750 successful! 1 record(s) inserted
1604422158616 - Processing callback for message id 30750 to client 90993297
1604422158630 - DB received message not meant for DB, probably meant for client. Ignoring: topic=geowiki|key=90993297|value={'request_id': '30750', 'response': '1 record(s) inserted'}|timestamp=1604422158626
1604422158631 - Sent callback to client 90993297!
1604422158720 - DB received message topic=geowiki|key=1|value={"client_id": "90993297", "request_id": "70282", "action": "DELETE", "table": "city", "id": 542}|timestamp=1604422158716, sending received message to handler
1604422159661 - DB action message ID 61999 successful! 1 record(s) inserted
1604422159661 - Processing callback for message id 61999 to client 90993297
1604422159687 - DB received message not meant for DB, probably meant for client. Ignoring: topic=geowiki|key=90993297|value={'request_id': '61999', 'response': '1 record(s) inserted'}|timestamp=1604422159675
1604422159687 - Sent callback to client 90993297!
1604422159724 - DB received message topic=geowiki|key=1|value={"client_id": "90993297", "request_id": "61133", "action": "UPDATE", "table": "city", "attribute": "no_shops", "value": 834518, "id": 58}|timestamp=1604422159721, sending received message to handler
1604422160666 - DB action message ID 59954 successful! 0 record(s) updated
1604422160666 - Processing callback for message id 59954 to client 90993297
1604422160690 - DB received message not meant for DB, probably meant for client. Ignoring: topic=geowiki|key=90993297|value={'request_id': '59954', 'response': '0 record(s) updated'}|timestamp=1604422160681
1604422160691 - Sent callback to client 90993297!
1604422160727 - DB received message topic=geowiki|key=1|value={"client_id": "90993297", "request_id": "60037", "action": "UPDATE", "table": "city", "attribute": "no_trees", "value": 137574, "id": 11}|timestamp=1604422160725, sending received message to handler
1604422161713 - DB action message ID 3839 successful! 1 record(s) inserted
1604422161714 - Processing callback for message id 3839 to client 90993297
1604422161731 - DB received message not meant for DB, probably meant for client. Ignoring: topic=geowiki|key=90993297|value={'request_id': '3839', 'response': '1 record(s) inserted'}|timestamp=1604422161726
1604422161731 - Sent callback to client 90993297!
1604422161746 - DB received message topic=geowiki|key=1|value={"client_id": "90993297", "request_id": "33786", "action": "INSERT", "table": "city", "name": "West Laura", "parent_id": 52}|timestamp=1604422161744, sending received message to handler
1604422162721 - DB action message ID 54120 successful! 1 record(s) deleted
1604422162721 - Processing callback for message id 54120 to client 90993297
1604422162747 - DB received message not meant for DB, probably meant for client. Ignoring: topic=geowiki|key=90993297|value={'request_id': '54120', 'response': '1 record(s) deleted'}|timestamp=1604422162735
1604422162747 - Sent callback to client 90993297!
1604422162753 - DB received message topic=geowiki|key=1|value={"client_id": "90993297", "request_id": "13298", "action": "DELETE", "table": "city", "id": 795}|timestamp=1604422162748, sending received message to handler
1604422163727 - DB action message ID 70282 successful! 1 record(s) deleted
1604422163727 - Processing callback for message id 70282 to client 90993297
1604422163753 - DB received message not meant for DB, probably meant for client. Ignoring: topic=geowiki|key=90993297|value={'request_id': '70282', 'response': '1 record(s) deleted'}|timestamp=1604422163741
1604422163754 - Sent callback to client 90993297!
1604422163777 - DB received message topic=geowiki|key=1|value={"client_id": "90993297", "request_id": "6728", "action": "INSERT", "table": "city", "name": "Adamchester", "parent_id": 124}|timestamp=1604422163775, sending received message to handler
1604422164731 - DB action message ID 61133 successful! 1 record(s) updated
1604422164731 - Processing callback for message id 61133 to client 90993297
1604422164754 - DB received message not meant for DB, probably meant for client. Ignoring: topic=geowiki|key=90993297|value={'request_id': '61133', 'response': '1 record(s) updated'}|timestamp=1604422164743
1604422164754 - Sent callback to client 90993297!
1604422164780 - DB received message topic=geowiki|key=1|value={"client_id": "90993297", "request_id": "44622", "action": "UPDATE", "table": "continent", "attribute": "population", "value": 723536, "id": 4}|timestamp=1604422164778, sending received message to handler
1604422165733 - DB action message ID 60037 successful! 1 record(s) updated
1604422165733 - Processing callback for message id 60037 to client 90993297
1604422165747 - DB received message not meant for DB, probably meant for client. Ignoring: topic=geowiki|key=90993297|value={'request_id': '60037', 'response': '1 record(s) updated'}|timestamp=1604422165741
1604422165747 - Sent callback to client 90993297!
1604422165786 - DB received message topic=geowiki|key=1|value={"client_id": "90993297", "request_id": "82864", "action": "DELETE", "table": "city", "id": 41}|timestamp=1604422165782, sending received message to handler
1604422166754 - DB action message ID 33786 successful! 1 record(s) inserted
1604422166755 - Processing callback for message id 33786 to client 90993297
1604422166780 - DB received message not meant for DB, probably meant for client. Ignoring: topic=geowiki|key=90993297|value={'request_id': '33786', 'response': '1 record(s) inserted'}|timestamp=1604422166768
1604422166780 - Sent callback to client 90993297!
1604422166806 - DB received message topic=geowiki|key=1|value={"client_id": "90993297", "request_id": "50145", "action": "INSERT", "table": "city", "name": "East Rebecca", "parent_id": 57}|timestamp=1604422166803, sending received message to handler
1604422167760 - DB action message ID 13298 successful! 1 record(s) deleted
1604422167760 - Processing callback for message id 13298 to client 90993297
1604422167775 - DB received message not meant for DB, probably meant for client. Ignoring: topic=geowiki|key=90993297|value={'request_id': '13298', 'response': '1 record(s) deleted'}|timestamp=1604422167772
1604422167775 - Sent callback to client 90993297!
1604422167810 - DB received message topic=geowiki|key=1|value={"client_id": "90993297", "request_id": "11032", "action": "UPDATE", "table": "continent", "attribute": "area", "value": 128638, "id": 25}|timestamp=1604422167808, sending received message to handler
1604422168785 - DB action message ID 6728 successful! 1 record(s) inserted
1604422168786 - Processing callback for message id 6728 to client 90993297
1604422168806 - DB received message not meant for DB, probably meant for client. Ignoring: topic=geowiki|key=90993297|value={'request_id': '6728', 'response': '1 record(s) inserted'}|timestamp=1604422168800
1604422168806 - Sent callback to client 90993297!
1604422168814 - DB received message topic=geowiki|key=1|value={"client_id": "90993297", "request_id": "47983", "action": "DELETE", "table": "city", "id": 228}|timestamp=1604422168812, sending received message to handler
1604422169788 - DB action message ID 44622 successful! 1 record(s) updated
1604422169789 - Processing callback for message id 44622 to client 90993297
1604422169809 - DB received message not meant for DB, probably meant for client. Ignoring: topic=geowiki|key=90993297|value={'request_id': '44622', 'response': '1 record(s) updated'}|timestamp=1604422169803
1604422169810 - Sent callback to client 90993297!
1604422169830 - DB received message topic=geowiki|key=1|value={"client_id": "90993297", "request_id": "34749", "action": "INSERT", "table": "city", "name": "Matthewstad", "parent_id": 86}|timestamp=1604422169828, sending received message to handler
1604422170792 - DB action message ID 82864 successful! 1 record(s) deleted
1604422170792 - Processing callback for message id 82864 to client 90993297
1604422170802 - DB received message not meant for DB, probably meant for client. Ignoring: topic=geowiki|key=90993297|value={'request_id': '82864', 'response': '1 record(s) deleted'}|timestamp=1604422170798
1604422170802 - Sent callback to client 90993297!
1604422170849 - DB received message topic=geowiki|key=1|value={"client_id": "90993297", "request_id": "16780", "action": "INSERT", "table": "city", "name": "Johnborough", "parent_id": 121}|timestamp=1604422170847, sending received message to handler
1604422171814 - DB action message ID 50145 successful! 1 record(s) inserted
1604422171815 - Processing callback for message id 50145 to client 90993297
1604422171834 - DB received message not meant for DB, probably meant for client. Ignoring: topic=geowiki|key=90993297|value={'request_id': '50145', 'response': '1 record(s) inserted'}|timestamp=1604422171828
1604422171834 - Sent callback to client 90993297!
1604422171866 - DB received message topic=geowiki|key=1|value={"client_id": "90993297", "request_id": "16620", "action": "INSERT", "table": "city", "name": "Leonshire", "parent_id": 7}|timestamp=1604422171862, sending received message to handler
1604422172815 - DB action message ID 11032 successful! 0 record(s) updated
1604422172816 - Processing callback for message id 11032 to client 90993297
1604422172839 - DB received message not meant for DB, probably meant for client. Ignoring: topic=geowiki|key=90993297|value={'request_id': '11032', 'response': '0 record(s) updated'}|timestamp=1604422172829
1604422172840 - Sent callback to client 90993297!
1604422172872 - DB received message topic=geowiki|key=1|value={"client_id": "90993297", "request_id": "89319", "action": "DELETE", "table": "city", "id": 242}|timestamp=1604422172869, sending received message to handler
1604422173820 - DB action message ID 47983 successful! 1 record(s) deleted
1604422173821 - Processing callback for message id 47983 to client 90993297
1604422173844 - DB received message not meant for DB, probably meant for client. Ignoring: topic=geowiki|key=90993297|value={'request_id': '47983', 'response': '1 record(s) deleted'}|timestamp=1604422173834
1604422173845 - Sent callback to client 90993297!
1604422173892 - DB received message topic=geowiki|key=1|value={"client_id": "90993297", "request_id": "27553", "action": "INSERT", "table": "city", "name": "New Emilyborough", "parent_id": 74}|timestamp=1604422173890, sending received message to handler
1604422174838 - DB action message ID 34749 successful! 1 record(s) inserted
1604422174838 - Processing callback for message id 34749 to client 90993297
1604422174857 - DB received message not meant for DB, probably meant for client. Ignoring: topic=geowiki|key=90993297|value={'request_id': '34749', 'response': '1 record(s) inserted'}|timestamp=1604422174852
1604422174857 - Sent callback to client 90993297!
1604422174908 - DB received message topic=geowiki|key=1|value={"client_id": "90993297", "request_id": "73561", "action": "INSERT", "table": "city", "name": "Emilyburgh", "parent_id": 23}|timestamp=1604422174906, sending received message to handler
1604422175857 - DB action message ID 16780 successful! 1 record(s) inserted
1604422175857 - Processing callback for message id 16780 to client 90993297
1604422175871 - DB received message not meant for DB, probably meant for client. Ignoring: topic=geowiki|key=90993297|value={'request_id': '16780', 'response': '1 record(s) inserted'}|timestamp=1604422175868
1604422175872 - Sent callback to client 90993297!
1604422175914 - DB received message topic=geowiki|key=1|value={"client_id": "90993297", "request_id": "97364", "action": "UPDATE", "table": "city", "attribute": "no_schools", "value": 4714, "id": 63}|timestamp=1604422175911, sending received message to handler
1604422176875 - DB action message ID 16620 successful! 1 record(s) inserted
1604422176875 - Processing callback for message id 16620 to client 90993297
1604422176899 - DB received message not meant for DB, probably meant for client. Ignoring: topic=geowiki|key=90993297|value={'request_id': '16620', 'response': '1 record(s) inserted'}|timestamp=1604422176889
1604422176901 - Sent callback to client 90993297!
1604422176919 - DB received message topic=geowiki|key=1|value={"client_id": "90993297", "request_id": "42173", "action": "UPDATE", "table": "continent", "attribute": "population", "value": 226465, "id": 8}|timestamp=1604422176917, sending received message to handler
1604422177880 - DB action message ID 89319 successful! 1 record(s) deleted
1604422177880 - Processing callback for message id 89319 to client 90993297
1604422177904 - DB received message not meant for DB, probably meant for client. Ignoring: topic=geowiki|key=90993297|value={'request_id': '89319', 'response': '1 record(s) deleted'}|timestamp=1604422177894
1604422177905 - Sent callback to client 90993297!
1604422177934 - DB received message topic=geowiki|key=1|value={"client_id": "90993297", "request_id": "42757", "action": "INSERT", "table": "city", "name": "Roblesberg", "parent_id": 12}|timestamp=1604422177932, sending received message to handler
1604422178900 - DB action message ID 27553 successful! 1 record(s) inserted
1604422178901 - Processing callback for message id 27553 to client 90993297
1604422178916 - DB received message not meant for DB, probably meant for client. Ignoring: topic=geowiki|key=90993297|value={'request_id': '27553', 'response': '1 record(s) inserted'}|timestamp=1604422178914
1604422178917 - Sent callback to client 90993297!
1604422178958 - DB received message topic=geowiki|key=1|value={"client_id": "90993297", "request_id": "90567", "action": "INSERT", "table": "city", "name": "New Patrickport", "parent_id": 29}|timestamp=1604422178956, sending received message to handler
1604422179916 - DB action message ID 73561 successful! 1 record(s) inserted
1604422179916 - Processing callback for message id 73561 to client 90993297
1604422179941 - DB received message not meant for DB, probably meant for client. Ignoring: topic=geowiki|key=90993297|value={'request_id': '73561', 'response': '1 record(s) inserted'}|timestamp=1604422179931
1604422179943 - Sent callback to client 90993297!
1604422179962 - DB received message topic=geowiki|key=1|value={"client_id": "90993297", "request_id": "158", "action": "UPDATE", "table": "city", "attribute": "population", "value": 867259, "id": 78}|timestamp=1604422179960, sending received message to handler
1604422180920 - DB action message ID 97364 successful! Failed to update: 1644 (45000): check constraint schools failed
1604422180920 - Processing callback for message id 97364 to client 90993297
1604422180943 - DB received message not meant for DB, probably meant for client. Ignoring: topic=geowiki|key=90993297|value={'request_id': '97364', 'response': 'Failed to update: 1644 (45000): check constraint schools failed'}|timestamp=1604422180934
1604422180944 - Sent callback to client 90993297!
1604422180967 - DB received message topic=geowiki|key=1|value={"client_id": "90993297", "request_id": "37031", "action": "DELETE", "table": "city", "id": 407}|timestamp=1604422180965, sending received message to handler
1604422181923 - DB action message ID 42173 successful! 0 record(s) updated
1604422181924 - Processing callback for message id 42173 to client 90993297
1604422181943 - DB received message not meant for DB, probably meant for client. Ignoring: topic=geowiki|key=90993297|value={'request_id': '42173', 'response': '0 record(s) updated'}|timestamp=1604422181938
1604422181943 - Sent callback to client 90993297!
1604422181972 - DB received message topic=geowiki|key=1|value={"client_id": "90993297", "request_id": "61971", "action": "UPDATE", "table": "city", "attribute": "no_shops", "value": 581555, "id": 39}|timestamp=1604422181969, sending received message to handler
1604422182942 - DB action message ID 42757 successful! 1 record(s) inserted
1604422182942 - Processing callback for message id 42757 to client 90993297
1604422182957 - DB received message not meant for DB, probably meant for client. Ignoring: topic=geowiki|key=90993297|value={'request_id': '42757', 'response': '1 record(s) inserted'}|timestamp=1604422182953
1604422182957 - Sent callback to client 90993297!
1604422182978 - DB received message topic=geowiki|key=1|value={"client_id": "90993297", "request_id": "29832", "action": "UPDATE", "table": "country", "attribute": "area", "value": 926273, "id": 53}|timestamp=1604422182974, sending received message to handler
1604422183966 - DB action message ID 90567 successful! 1 record(s) inserted
1604422183966 - Processing callback for message id 90567 to client 90993297
1604422183979 - DB received message not meant for DB, probably meant for client. Ignoring: topic=geowiki|key=90993297|value={'request_id': '90567', 'response': '1 record(s) inserted'}|timestamp=1604422183976
1604422183979 - Sent callback to client 90993297!
1604422183982 - DB received message topic=geowiki|key=1|value={"client_id": "90993297", "request_id": "62362", "action": "UPDATE", "table": "city", "attribute": "no_trees", "value": 717844, "id": 68}|timestamp=1604422183980, sending received message to handler
1604422184968 - DB action message ID 158 successful! Failed to update: 1644 (45000): check constraint population failed
1604422184968 - Processing callback for message id 158 to client 90993297
1604422184991 - Sent callback to client 90993297!
1604422184993 - DB received message topic=geowiki|key=1|value={"client_id": "90993297", "request_id": "49722", "action": "UPDATE", "table": "city", "attribute": "no_shops", "value": 407955, "id": 56}|timestamp=1604422184986, sending received message to handler
1604422184993 - DB received message not meant for DB, probably meant for client. Ignoring: topic=geowiki|key=90993297|value={'request_id': '158', 'response': 'Failed to update: 1644 (45000): check constraint population failed'}|timestamp=1604422184982
1604422185975 - DB action message ID 37031 successful! 1 record(s) deleted
1604422185975 - Processing callback for message id 37031 to client 90993297
1604422185998 - DB received message topic=geowiki|key=1|value={"client_id": "90993297", "request_id": "34972", "action": "DELETE", "table": "city", "id": 180}|timestamp=1604422185992, sending received message to handler
1604422185999 - Sent callback to client 90993297!
1604422186000 - DB received message not meant for DB, probably meant for client. Ignoring: topic=geowiki|key=90993297|value={'request_id': '37031', 'response': '1 record(s) deleted'}|timestamp=1604422185989
1604422186982 - DB action message ID 61971 successful! 1 record(s) updated
1604422186982 - Processing callback for message id 61971 to client 90993297
1604422187006 - DB received message not meant for DB, probably meant for client. Ignoring: topic=geowiki|key=90993297|value={'request_id': '61971', 'response': '1 record(s) updated'}|timestamp=1604422186996
1604422187006 - Sent callback to client 90993297!
1604422187021 - DB received message topic=geowiki|key=1|value={"client_id": "90993297", "request_id": "13585", "action": "INSERT", "table": "city", "name": "North David", "parent_id": 112}|timestamp=1604422187018, sending received message to handler
1604422187986 - DB action message ID 29832 successful! 1 record(s) updated
1604422187986 - Processing callback for message id 29832 to client 90993297
1604422188008 - DB received message not meant for DB, probably meant for client. Ignoring: topic=geowiki|key=90993297|value={'request_id': '29832', 'response': '1 record(s) updated'}|timestamp=1604422187999
1604422188011 - Sent callback to client 90993297!
1604422188027 - DB received message topic=geowiki|key=1|value={"client_id": "90993297", "request_id": "76198", "action": "UPDATE", "table": "continent", "attribute": "population", "value": 148335, "id": 75}|timestamp=1604422188024, sending received message to handler
1604422188990 - DB action message ID 62362 successful! 1 record(s) updated
1604422188990 - Processing callback for message id 62362 to client 90993297
1604422189013 - DB received message not meant for DB, probably meant for client. Ignoring: topic=geowiki|key=90993297|value={'request_id': '62362', 'response': '1 record(s) updated'}|timestamp=1604422189003
1604422189014 - Sent callback to client 90993297!
1604422189032 - DB received message topic=geowiki|key=1|value={"client_id": "90993297", "request_id": "92857", "action": "UPDATE", "table": "city", "attribute": "no_roads", "value": 630391, "id": 85}|timestamp=1604422189030, sending received message to handler
1604422190002 - DB action message ID 49722 successful! 1 record(s) updated
1604422190002 - Processing callback for message id 49722 to client 90993297
1604422190024 - DB received message not meant for DB, probably meant for client. Ignoring: topic=geowiki|key=90993297|value={'request_id': '49722', 'response': '1 record(s) updated'}|timestamp=1604422190014
1604422190026 - Sent callback to client 90993297!
1604422190039 - DB received message topic=geowiki|key=1|value={"client_id": "90993297", "request_id": "88520", "action": "UPDATE", "table": "country", "attribute": "no_parks", "value": 268057, "id": 39}|timestamp=1604422190034, sending received message to handler
1604422191004 - DB action message ID 34972 successful! 1 record(s) deleted
1604422191004 - Processing callback for message id 34972 to client 90993297
1604422191022 - DB received message not meant for DB, probably meant for client. Ignoring: topic=geowiki|key=90993297|value={'request_id': '34972', 'response': '1 record(s) deleted'}|timestamp=1604422191017
1604422191022 - Sent callback to client 90993297!
1604422191044 - DB received message topic=geowiki|key=1|value={"client_id": "90993297", "request_id": "11481", "action": "DELETE", "table": "city", "id": 45}|timestamp=1604422191042, sending received message to handler
1604422192029 - DB action message ID 13585 successful! 1 record(s) inserted
1604422192029 - Processing callback for message id 13585 to client 90993297
1604422192044 - DB received message not meant for DB, probably meant for client. Ignoring: topic=geowiki|key=90993297|value={'request_id': '13585', 'response': '1 record(s) inserted'}|timestamp=1604422192041
1604422192045 - Sent callback to client 90993297!
1604422192065 - DB received message topic=geowiki|key=1|value={"client_id": "90993297", "request_id": "75281", "action": "INSERT", "table": "city", "name": "South Jamieberg", "parent_id": 73}|timestamp=1604422192063, sending received message to handler
1604422193032 - DB action message ID 76198 successful! 0 record(s) updated
1604422193032 - Processing callback for message id 76198 to client 90993297
1604422193054 - DB received message not meant for DB, probably meant for client. Ignoring: topic=geowiki|key=90993297|value={'request_id': '76198', 'response': '0 record(s) updated'}|timestamp=1604422193045
1604422193055 - Sent callback to client 90993297!
1604422193080 - DB received message topic=geowiki|key=1|value={"client_id": "90993297", "request_id": "76195", "action": "INSERT", "table": "city", "name": "New Cory", "parent_id": 67}|timestamp=1604422193078, sending received message to handler
1604422194038 - DB action message ID 92857 successful! 1 record(s) updated
1604422194038 - Processing callback for message id 92857 to client 90993297
1604422194056 - DB received message not meant for DB, probably meant for client. Ignoring: topic=geowiki|key=90993297|value={'request_id': '92857', 'response': '1 record(s) updated'}|timestamp=1604422194052
1604422194056 - Sent callback to client 90993297!
1604422194084 - DB received message topic=geowiki|key=1|value={"client_id": "90993297", "request_id": "8519", "action": "UPDATE", "table": "city", "attribute": "no_schools", "value": 479103, "id": 60}|timestamp=1604422194082, sending received message to handler
1604422195048 - DB action message ID 88520 successful! 1 record(s) updated
1604422195048 - Processing callback for message id 88520 to client 90993297
1604422195071 - DB received message not meant for DB, probably meant for client. Ignoring: topic=geowiki|key=90993297|value={'request_id': '88520', 'response': '1 record(s) updated'}|timestamp=1604422195062
1604422195073 - Sent callback to client 90993297!
1604422195090 - DB received message topic=geowiki|key=1|value={"client_id": "90993297", "request_id": "59558", "action": "DELETE", "table": "city", "id": 21}|timestamp=1604422195087, sending received message to handler
1604422196051 - DB action message ID 11481 successful! 1 record(s) deleted
1604422196051 - Processing callback for message id 11481 to client 90993297
1604422196074 - DB received message not meant for DB, probably meant for client. Ignoring: topic=geowiki|key=90993297|value={'request_id': '11481', 'response': '1 record(s) deleted'}|timestamp=1604422196065
1604422196075 - Sent callback to client 90993297!
1604422196105 - DB received message topic=geowiki|key=1|value={"client_id": "90993297", "request_id": "83094", "action": "INSERT", "table": "city", "name": "Port Nicole", "parent_id": 122}|timestamp=1604422196103, sending received message to handler
1604422197072 - DB action message ID 75281 successful! 1 record(s) inserted
1604422197073 - Processing callback for message id 75281 to client 90993297
1604422197095 - DB received message not meant for DB, probably meant for client. Ignoring: topic=geowiki|key=90993297|value={'request_id': '75281', 'response': '1 record(s) inserted'}|timestamp=1604422197086
1604422197097 - Sent callback to client 90993297!
1604422197114 - DB received message topic=geowiki|key=1|value={"client_id": "90993297", "request_id": "15396", "action": "UPDATE", "table": "country", "attribute": "no_rivers", "value": 984920, "id": 27}|timestamp=1604422197109, sending received message to handler
1604422198088 - DB action message ID 76195 successful! 1 record(s) inserted
1604422198089 - Processing callback for message id 76195 to client 90993297
1604422198113 - DB received message not meant for DB, probably meant for client. Ignoring: topic=geowiki|key=90993297|value={'request_id': '76195', 'response': '1 record(s) inserted'}|timestamp=1604422198103
1604422198114 - Sent callback to client 90993297!
1604422198120 - DB received message topic=geowiki|key=1|value={"client_id": "90993297", "request_id": "49058", "action": "UPDATE", "table": "country", "attribute": "no_parks", "value": 719536, "id": 49}|timestamp=1604422198116, sending received message to handler
1604422199091 - DB action message ID 8519 successful! Failed to update: 1644 (45000): check constraint schools failed
1604422199092 - Processing callback for message id 8519 to client 90993297
1604422199105 - DB received message not meant for DB, probably meant for client. Ignoring: topic=geowiki|key=90993297|value={'request_id': '8519', 'response': 'Failed to update: 1644 (45000): check constraint schools failed'}|timestamp=1604422199101
1604422199105 - Sent callback to client 90993297!
1604422199139 - DB received message topic=geowiki|key=1|value={"client_id": "90993297", "request_id": "80727", "action": "INSERT", "table": "city", "name": "Brendafurt", "parent_id": 57}|timestamp=1604422199136, sending received message to handler
1604422200094 - DB action message ID 59558 successful! 0 record(s) deleted
1604422200095 - Processing callback for message id 59558 to client 90993297
1604422200117 - DB received message not meant for DB, probably meant for client. Ignoring: topic=geowiki|key=90993297|value={'request_id': '59558', 'response': '0 record(s) deleted'}|timestamp=1604422200107
1604422200118 - Sent callback to client 90993297!
1604422200155 - DB received message topic=geowiki|key=1|value={"client_id": "90993297", "request_id": "94292", "action": "INSERT", "table": "city", "name": "West Leah", "parent_id": 86}|timestamp=1604422200153, sending received message to handler
1604422201114 - DB action message ID 83094 successful! 1 record(s) inserted
1604422201114 - Processing callback for message id 83094 to client 90993297
1604422201136 - DB received message not meant for DB, probably meant for client. Ignoring: topic=geowiki|key=90993297|value={'request_id': '83094', 'response': '1 record(s) inserted'}|timestamp=1604422201127
1604422201137 - Sent callback to client 90993297!
1604422201173 - DB received message topic=geowiki|key=1|value={"client_id": "90993297", "request_id": "70104", "action": "INSERT", "table": "city", "name": "Macdonaldtown", "parent_id": 82}|timestamp=1604422201170, sending received message to handler
1604422202124 - DB action message ID 15396 successful! 1 record(s) updated
1604422202125 - Processing callback for message id 15396 to client 90993297
1604422202147 - DB received message not meant for DB, probably meant for client. Ignoring: topic=geowiki|key=90993297|value={'request_id': '15396', 'response': '1 record(s) updated'}|timestamp=1604422202138
1604422202149 - Sent callback to client 90993297!
1604422202195 - DB received message topic=geowiki|key=1|value={"client_id": "90993297", "request_id": "31723", "action": "INSERT", "table": "city", "name": "East John", "parent_id": 13}|timestamp=1604422202193, sending received message to handler
1604422203129 - DB action message ID 49058 successful! 1 record(s) updated
1604422203129 - Processing callback for message id 49058 to client 90993297
1604422203142 - DB received message not meant for DB, probably meant for client. Ignoring: topic=geowiki|key=90993297|value={'request_id': '49058', 'response': '1 record(s) updated'}|timestamp=1604422203139
1604422203143 - Sent callback to client 90993297!
1604422203200 - DB received message topic=geowiki|key=1|value={"client_id": "90993297", "request_id": "73083", "action": "DELETE", "table": "city", "id": 720}|timestamp=1604422203197, sending received message to handler
1604422204147 - DB action message ID 80727 successful! 1 record(s) inserted
1604422204147 - Processing callback for message id 80727 to client 90993297
1604422204171 - DB received message not meant for DB, probably meant for client. Ignoring: topic=geowiki|key=90993297|value={'request_id': '80727', 'response': '1 record(s) inserted'}|timestamp=1604422204162
1604422204173 - Sent callback to client 90993297!
1604422204221 - DB received message topic=geowiki|key=1|value={"client_id": "90993297", "request_id": "40691", "action": "INSERT", "table": "city", "name": "South Gregorychester", "parent_id": 57}|timestamp=1604422204218, sending received message to handler
1604422205163 - DB action message ID 94292 successful! 1 record(s) inserted
1604422205163 - Processing callback for message id 94292 to client 90993297
1604422205186 - DB received message not meant for DB, probably meant for client. Ignoring: topic=geowiki|key=90993297|value={'request_id': '94292', 'response': '1 record(s) inserted'}|timestamp=1604422205176
1604422205187 - Sent callback to client 90993297!
1604422205225 - DB received message topic=geowiki|key=1|value={"client_id": "90993297", "request_id": "19306", "action": "UPDATE", "table": "continent", "attribute": "population", "value": 778117, "id": 45}|timestamp=1604422205223, sending received message to handler
1604422206181 - DB action message ID 70104 successful! 1 record(s) inserted
1604422206182 - Processing callback for message id 70104 to client 90993297
1604422206204 - DB received message not meant for DB, probably meant for client. Ignoring: topic=geowiki|key=90993297|value={'request_id': '70104', 'response': '1 record(s) inserted'}|timestamp=1604422206194
1604422206204 - Sent callback to client 90993297!
1604422206229 - DB received message topic=geowiki|key=1|value={"client_id": "90993297", "request_id": "52686", "action": "UPDATE", "table": "city", "attribute": "no_schools", "value": 589562, "id": 28}|timestamp=1604422206227, sending received message to handler
1604422207202 - DB action message ID 31723 successful! 1 record(s) inserted
1604422207203 - Processing callback for message id 31723 to client 90993297
1604422207226 - DB received message not meant for DB, probably meant for client. Ignoring: topic=geowiki|key=90993297|value={'request_id': '31723', 'response': '1 record(s) inserted'}|timestamp=1604422207215
1604422207226 - Sent callback to client 90993297!
1604422207232 - DB received message topic=geowiki|key=1|value={"client_id": "90993297", "request_id": "71209", "action": "DELETE", "table": "city", "id": 712}|timestamp=1604422207230, sending received message to handler
1604422208208 - DB action message ID 73083 successful! 1 record(s) deleted
1604422208208 - Processing callback for message id 73083 to client 90993297
1604422208229 - DB received message not meant for DB, probably meant for client. Ignoring: topic=geowiki|key=90993297|value={'request_id': '73083', 'response': '1 record(s) deleted'}|timestamp=1604422208220
1604422208230 - Sent callback to client 90993297!
1604422208238 - DB received message topic=geowiki|key=1|value={"client_id": "90993297", "request_id": "29570", "action": "UPDATE", "table": "country", "attribute": "no_rivers", "value": 211123, "id": 60}|timestamp=1604422208234, sending received message to handler
1604422209231 - DB action message ID 40691 successful! 1 record(s) inserted
1604422209231 - Processing callback for message id 40691 to client 90993297
1604422209252 - DB received message not meant for DB, probably meant for client. Ignoring: topic=geowiki|key=90993297|value={'request_id': '40691', 'response': '1 record(s) inserted'}|timestamp=1604422209244
1604422209252 - Sent callback to client 90993297!
1604422209268 - DB received message topic=geowiki|key=1|value={"client_id": "90993297", "request_id": "93124", "action": "INSERT", "table": "city", "name": "West Daniel", "parent_id": 65}|timestamp=1604422209266, sending received message to handler
1604422210230 - DB action message ID 19306 successful! 0 record(s) updated
1604422210230 - Processing callback for message id 19306 to client 90993297
1604422210252 - DB received message not meant for DB, probably meant for client. Ignoring: topic=geowiki|key=90993297|value={'request_id': '19306', 'response': '0 record(s) updated'}|timestamp=1604422210242
1604422210253 - Sent callback to client 90993297!
1604422210271 - DB received message topic=geowiki|key=1|value={"client_id": "90993297", "request_id": "20810", "action": "UPDATE", "table": "continent", "attribute": "population", "value": 979290, "id": 55}|timestamp=1604422210269, sending received message to handler
1604422211234 - DB action message ID 52686 successful! Failed to update: 1644 (45000): check constraint schools failed
1604422211235 - Processing callback for message id 52686 to client 90993297
1604422211258 - DB received message not meant for DB, probably meant for client. Ignoring: topic=geowiki|key=90993297|value={'request_id': '52686', 'response': 'Failed to update: 1644 (45000): check constraint schools failed'}|timestamp=1604422211248
1604422211259 - Sent callback to client 90993297!
1604422211294 - DB received message topic=geowiki|key=1|value={"client_id": "90993297", "request_id": "11972", "action": "INSERT", "table": "city", "name": "Port Susanburgh", "parent_id": 36}|timestamp=1604422211293, sending received message to handler
1604422212239 - DB action message ID 71209 successful! 1 record(s) deleted
1604422212239 - Processing callback for message id 71209 to client 90993297
1604422212256 - DB received message not meant for DB, probably meant for client. Ignoring: topic=geowiki|key=90993297|value={'request_id': '71209', 'response': '1 record(s) deleted'}|timestamp=1604422212252
1604422212256 - Sent callback to client 90993297!
1604422212302 - DB received message topic=geowiki|key=1|value={"client_id": "90993297", "request_id": "96494", "action": "UPDATE", "table": "country", "attribute": "no_rivers", "value": 147801, "id": 55}|timestamp=1604422212297, sending received message to handler
1604422213246 - DB action message ID 29570 successful! 1 record(s) updated
1604422213246 - Processing callback for message id 29570 to client 90993297
1604422213267 - DB received message not meant for DB, probably meant for client. Ignoring: topic=geowiki|key=90993297|value={'request_id': '29570', 'response': '1 record(s) updated'}|timestamp=1604422213258
1604422213268 - Sent callback to client 90993297!
1604422213321 - DB received message topic=geowiki|key=1|value={"client_id": "90993297", "request_id": "79074", "action": "INSERT", "table": "city", "name": "New Shane", "parent_id": 43}|timestamp=1604422213319, sending received message to handler
1604422214276 - DB action message ID 93124 successful! 1 record(s) inserted
1604422214276 - Processing callback for message id 93124 to client 90993297
1604422214298 - Sent callback to client 90993297!
1604422214299 - DB received message not meant for DB, probably meant for client. Ignoring: topic=geowiki|key=90993297|value={'request_id': '93124', 'response': '1 record(s) inserted'}|timestamp=1604422214288
1604422214328 - DB received message topic=geowiki|key=1|value={"client_id": "90993297", "request_id": "7435", "action": "UPDATE", "table": "city", "attribute": "no_shops", "value": 239701, "id": 12}|timestamp=1604422214323, sending received message to handler
1604422215275 - DB action message ID 20810 successful! 0 record(s) updated
1604422215275 - Processing callback for message id 20810 to client 90993297
1604422215293 - DB received message not meant for DB, probably meant for client. Ignoring: topic=geowiki|key=90993297|value={'request_id': '20810', 'response': '0 record(s) updated'}|timestamp=1604422215289
1604422215293 - Sent callback to client 90993297!
1604422215334 - DB received message topic=geowiki|key=1|value={"client_id": "90993297", "request_id": "44822", "action": "UPDATE", "table": "country", "attribute": "area", "value": 238513, "id": 90}|timestamp=1604422215331, sending received message to handler
1604422216302 - DB action message ID 11972 successful! 1 record(s) inserted
1604422216303 - Processing callback for message id 11972 to client 90993297
1604422216324 - DB received message not meant for DB, probably meant for client. Ignoring: topic=geowiki|key=90993297|value={'request_id': '11972', 'response': '1 record(s) inserted'}|timestamp=1604422216315
1604422216325 - Sent callback to client 90993297!
1604422216341 - DB received message topic=geowiki|key=1|value={"client_id": "90993297", "request_id": "40531", "action": "UPDATE", "table": "city", "attribute": "no_roads", "value": 163729, "id": 64}|timestamp=1604422216337, sending received message to handler
1604422217311 - DB action message ID 96494 successful! 1 record(s) updated
1604422217312 - Processing callback for message id 96494 to client 90993297
1604422217334 - DB received message not meant for DB, probably meant for client. Ignoring: topic=geowiki|key=90993297|value={'request_id': '96494', 'response': '1 record(s) updated'}|timestamp=1604422217324
1604422217335 - Sent callback to client 90993297!
1604422217356 - DB received message topic=geowiki|key=1|value={"client_id": "90993297", "request_id": "15076", "action": "INSERT", "table": "city", "name": "Port Joshua", "parent_id": 85}|timestamp=1604422217355, sending received message to handler
1604422218329 - DB action message ID 79074 successful! 1 record(s) inserted
1604422218329 - Processing callback for message id 79074 to client 90993297
1604422218350 - DB received message not meant for DB, probably meant for client. Ignoring: topic=geowiki|key=90993297|value={'request_id': '79074', 'response': '1 record(s) inserted'}|timestamp=1604422218341
1604422218351 - Sent callback to client 90993297!
1604422218375 - DB received message topic=geowiki|key=1|value={"client_id": "90993297", "request_id": "46099", "action": "INSERT", "table": "city", "name": "North Lynnborough", "parent_id": 120}|timestamp=1604422218373, sending received message to handler
1604422219337 - DB action message ID 7435 successful! 1 record(s) updated
1604422219337 - Processing callback for message id 7435 to client 90993297
1604422219362 - DB received message not meant for DB, probably meant for client. Ignoring: topic=geowiki|key=90993297|value={'request_id': '7435', 'response': '1 record(s) updated'}|timestamp=1604422219350
1604422219362 - Sent callback to client 90993297!
1604422219393 - DB received message topic=geowiki|key=1|value={"client_id": "90993297", "request_id": "42474", "action": "INSERT", "table": "city", "name": "Martinezfurt", "parent_id": 108}|timestamp=1604422219392, sending received message to handler
1604422220343 - DB action message ID 44822 successful! 1 record(s) updated
1604422220344 - Processing callback for message id 44822 to client 90993297
1604422220361 - DB received message not meant for DB, probably meant for client. Ignoring: topic=geowiki|key=90993297|value={'request_id': '44822', 'response': '1 record(s) updated'}|timestamp=1604422220356
1604422220362 - Sent callback to client 90993297!
1604422220396 - DB received message topic=geowiki|key=1|value={"client_id": "90993297", "request_id": "31064", "action": "DELETE", "table": "city", "id": 212}|timestamp=1604422220395, sending received message to handler
1604422221349 - DB action message ID 40531 successful! 1 record(s) updated
1604422221350 - Processing callback for message id 40531 to client 90993297
1604422221363 - DB received message not meant for DB, probably meant for client. Ignoring: topic=geowiki|key=90993297|value={'request_id': '40531', 'response': '1 record(s) updated'}|timestamp=1604422221360
1604422221363 - Sent callback to client 90993297!
1604422221401 - DB received message topic=geowiki|key=1|value={"client_id": "90993297", "request_id": "53984", "action": "DELETE", "table": "city", "id": 206}|timestamp=1604422221398, sending received message to handler
1604422222364 - DB action message ID 15076 successful! 1 record(s) inserted
1604422222364 - Processing callback for message id 15076 to client 90993297
1604422222387 - DB received message not meant for DB, probably meant for client. Ignoring: topic=geowiki|key=90993297|value={'request_id': '15076', 'response': '1 record(s) inserted'}|timestamp=1604422222377
1604422222387 - Sent callback to client 90993297!
1604422222420 - DB received message topic=geowiki|key=1|value={"client_id": "90993297", "request_id": "80471", "action": "INSERT", "table": "city", "name": "West April", "parent_id": 22}|timestamp=1604422222417, sending received message to handler
1604422223383 - DB action message ID 46099 successful! 1 record(s) inserted
1604422223383 - Processing callback for message id 46099 to client 90993297
1604422223406 - DB received message not meant for DB, probably meant for client. Ignoring: topic=geowiki|key=90993297|value={'request_id': '46099', 'response': '1 record(s) inserted'}|timestamp=1604422223396
1604422223406 - Sent callback to client 90993297!
1604422223428 - DB received message topic=geowiki|key=1|value={"client_id": "90993297", "request_id": "16870", "action": "UPDATE", "table": "country", "attribute": "area", "value": 43132, "id": 89}|timestamp=1604422223424, sending received message to handler
1604422224404 - DB action message ID 42474 successful! 1 record(s) inserted
1604422224405 - Processing callback for message id 42474 to client 90993297
1604422224423 - DB received message not meant for DB, probably meant for client. Ignoring: topic=geowiki|key=90993297|value={'request_id': '42474', 'response': '1 record(s) inserted'}|timestamp=1604422224417
1604422224423 - Sent callback to client 90993297!
1604422224449 - DB received message topic=geowiki|key=1|value={"client_id": "90993297", "request_id": "85612", "action": "INSERT", "table": "city", "name": "Lake Robinville", "parent_id": 51}|timestamp=1604422224446, sending received message to handler
1604422225405 - DB action message ID 31064 successful! 1 record(s) deleted
1604422225405 - Processing callback for message id 31064 to client 90993297
1604422225423 - DB received message not meant for DB, probably meant for client. Ignoring: topic=geowiki|key=90993297|value={'request_id': '31064', 'response': '1 record(s) deleted'}|timestamp=1604422225418
1604422225423 - Sent callback to client 90993297!
1604422225453 - DB received message topic=geowiki|key=1|value={"client_id": "90993297", "request_id": "27746", "action": "UPDATE", "table": "continent", "attribute": "population", "value": 255368, "id": 71}|timestamp=1604422225451, sending received message to handler
1604422226408 - DB action message ID 53984 successful! 1 record(s) deleted
1604422226408 - Processing callback for message id 53984 to client 90993297
1604422226427 - DB received message not meant for DB, probably meant for client. Ignoring: topic=geowiki|key=90993297|value={'request_id': '53984', 'response': '1 record(s) deleted'}|timestamp=1604422226420
1604422226427 - Sent callback to client 90993297!
1604422226472 - DB received message topic=geowiki|key=1|value={"client_id": "90993297", "request_id": "59913", "action": "INSERT", "table": "city", "name": "Adamsfort", "parent_id": 41}|timestamp=1604422226470, sending received message to handler
1604422227428 - DB action message ID 80471 successful! 1 record(s) inserted
1604422227429 - Processing callback for message id 80471 to client 90993297
1604422227448 - DB received message not meant for DB, probably meant for client. Ignoring: topic=geowiki|key=90993297|value={'request_id': '80471', 'response': '1 record(s) inserted'}|timestamp=1604422227442
1604422227448 - Sent callback to client 90993297!
1604422227475 - DB received message topic=geowiki|key=1|value={"client_id": "90993297", "request_id": "73211", "action": "DELETE", "table": "city", "id": 297}|timestamp=1604422227473, sending received message to handler
1604422228440 - DB action message ID 16870 successful! 1 record(s) updated
1604422228440 - Processing callback for message id 16870 to client 90993297
1604422228456 - DB received message not meant for DB, probably meant for client. Ignoring: topic=geowiki|key=90993297|value={'request_id': '16870', 'response': '1 record(s) updated'}|timestamp=1604422228451
1604422228456 - Sent callback to client 90993297!
1604422228479 - DB received message topic=geowiki|key=1|value={"client_id": "90993297", "request_id": "34427", "action": "UPDATE", "table": "country", "attribute": "population", "value": 926705, "id": 11}|timestamp=1604422228477, sending received message to handler
1604422229459 - DB action message ID 85612 successful! 1 record(s) inserted
1604422229459 - Processing callback for message id 85612 to client 90993297
1604422229478 - DB received message not meant for DB, probably meant for client. Ignoring: topic=geowiki|key=90993297|value={'request_id': '85612', 'response': '1 record(s) inserted'}|timestamp=1604422229472
1604422229478 - Sent callback to client 90993297!
1604422229483 - DB received message topic=geowiki|key=1|value={"client_id": "90993297", "request_id": "67412", "action": "UPDATE", "table": "city", "attribute": "no_roads", "value": 857846, "id": 93}|timestamp=1604422229481, sending received message to handler
1604422230458 - DB action message ID 27746 successful! 0 record(s) updated
1604422230458 - Processing callback for message id 27746 to client 90993297
1604422230476 - DB received message not meant for DB, probably meant for client. Ignoring: topic=geowiki|key=90993297|value={'request_id': '27746', 'response': '0 record(s) updated'}|timestamp=1604422230470
1604422230477 - Sent callback to client 90993297!
1604422230486 - DB received message topic=geowiki|key=1|value={"client_id": "90993297", "request_id": "21999", "action": "DELETE", "table": "city", "id": 14}|timestamp=1604422230484, sending received message to handler
1604422231480 - DB action message ID 59913 successful! 1 record(s) inserted
1604422231480 - Processing callback for message id 59913 to client 90993297
1604422231499 - DB received message not meant for DB, probably meant for client. Ignoring: topic=geowiki|key=90993297|value={'request_id': '59913', 'response': '1 record(s) inserted'}|timestamp=1604422231493
1604422231499 - Sent callback to client 90993297!
1604422231513 - DB received message topic=geowiki|key=1|value={"client_id": "90993297", "request_id": "95750", "action": "INSERT", "table": "city", "name": "Andersonbury", "parent_id": 97}|timestamp=1604422231512, sending received message to handler
1604422232482 - DB action message ID 73211 successful! 1 record(s) deleted
1604422232482 - Processing callback for message id 73211 to client 90993297
1604422232500 - DB received message not meant for DB, probably meant for client. Ignoring: topic=geowiki|key=90993297|value={'request_id': '73211', 'response': '1 record(s) deleted'}|timestamp=1604422232494
1604422232501 - Sent callback to client 90993297!
1604422232536 - DB received message topic=geowiki|key=1|value={"client_id": "90993297", "request_id": "2089", "action": "INSERT", "table": "city", "name": "North Xavier", "parent_id": 27}|timestamp=1604422232534, sending received message to handler
1604422233486 - DB action message ID 34427 successful! Failed to update: 1644 (45000): check constraint population failed
1604422233486 - Processing callback for message id 34427 to client 90993297
1604422233505 - DB received message not meant for DB, probably meant for client. Ignoring: topic=geowiki|key=90993297|value={'request_id': '34427', 'response': 'Failed to update: 1644 (45000): check constraint population failed'}|timestamp=1604422233498
1604422233505 - Sent callback to client 90993297!
1604422233539 - DB received message topic=geowiki|key=1|value={"client_id": "90993297", "request_id": "28800", "action": "UPDATE", "table": "country", "attribute": "no_schools", "value": 314516, "id": 89}|timestamp=1604422233538, sending received message to handler
1604422234491 - DB action message ID 67412 successful! 1 record(s) updated
1604422234491 - Processing callback for message id 67412 to client 90993297
1604422234510 - DB received message not meant for DB, probably meant for client. Ignoring: topic=geowiki|key=90993297|value={'request_id': '67412', 'response': '1 record(s) updated'}|timestamp=1604422234503
1604422234510 - Sent callback to client 90993297!
1604422234542 - DB received message topic=geowiki|key=1|value={"client_id": "90993297", "request_id": "11765", "action": "DELETE", "table": "city", "id": 367}|timestamp=1604422234541, sending received message to handler
1604422235494 - DB action message ID 21999 successful! 1 record(s) deleted
1604422235494 - Processing callback for message id 21999 to client 90993297
1604422235513 - DB received message not meant for DB, probably meant for client. Ignoring: topic=geowiki|key=90993297|value={'request_id': '21999', 'response': '1 record(s) deleted'}|timestamp=1604422235507
1604422235514 - Sent callback to client 90993297!
1604422235545 - DB received message topic=geowiki|key=1|value={"client_id": "90993297", "request_id": "65519", "action": "UPDATE", "table": "country", "attribute": "no_schools", "value": 165004, "id": 63}|timestamp=1604422235543, sending received message to handler
1604422236521 - DB action message ID 95750 successful! 1 record(s) inserted
1604422236522 - Processing callback for message id 95750 to client 90993297
1604422236540 - DB received message not meant for DB, probably meant for client. Ignoring: topic=geowiki|key=90993297|value={'request_id': '95750', 'response': '1 record(s) inserted'}|timestamp=1604422236534
1604422236540 - Sent callback to client 90993297!
1604422236549 - DB received message topic=geowiki|key=1|value={"client_id": "90993297", "request_id": "93572", "action": "DELETE", "table": "city", "id": 664}|timestamp=1604422236548, sending received message to handler
1604422237544 - DB action message ID 2089 successful! 1 record(s) inserted
1604422237545 - Processing callback for message id 2089 to client 90993297
1604422237556 - DB received message topic=geowiki|key=1|value={"client_id": "90993297", "request_id": "56168", "action": "DELETE", "table": "city", "id": 727}|timestamp=1604422237551, sending received message to handler
1604422237564 - DB received message not meant for DB, probably meant for client. Ignoring: topic=geowiki|key=90993297|value={'request_id': '2089', 'response': '1 record(s) inserted'}|timestamp=1604422237558
1604422237564 - Sent callback to client 90993297!
1604422238546 - DB action message ID 28800 successful! 1 record(s) updated
1604422238546 - Processing callback for message id 28800 to client 90993297
1604422238554 - DB received message not meant for DB, probably meant for client. Ignoring: topic=geowiki|key=90993297|value={'request_id': '28800', 'response': '1 record(s) updated'}|timestamp=1604422238551
1604422238554 - Sent callback to client 90993297!
1604422238575 - DB received message topic=geowiki|key=1|value={"client_id": "90993297", "request_id": "76923", "action": "INSERT", "table": "city", "name": "Lewisborough", "parent_id": 113}|timestamp=1604422238572, sending received message to handler
1604422239549 - DB action message ID 11765 successful! 1 record(s) deleted
1604422239549 - Processing callback for message id 11765 to client 90993297
1604422239569 - DB received message not meant for DB, probably meant for client. Ignoring: topic=geowiki|key=90993297|value={'request_id': '11765', 'response': '1 record(s) deleted'}|timestamp=1604422239562
1604422239569 - Sent callback to client 90993297!
1604422239579 - DB received message topic=geowiki|key=1|value={"client_id": "90993297", "request_id": "79730", "action": "DELETE", "table": "city", "id": 446}|timestamp=1604422239577, sending received message to handler
1604422240554 - DB action message ID 65519 successful! 1 record(s) updated
1604422240554 - Processing callback for message id 65519 to client 90993297
1604422240569 - DB received message not meant for DB, probably meant for client. Ignoring: topic=geowiki|key=90993297|value={'request_id': '65519', 'response': '1 record(s) updated'}|timestamp=1604422240565
1604422240569 - Sent callback to client 90993297!
1604422240582 - DB received message topic=geowiki|key=1|value={"client_id": "90993297", "request_id": "97294", "action": "DELETE", "table": "city", "id": 678}|timestamp=1604422240581, sending received message to handler
1604422241558 - DB action message ID 93572 successful! 1 record(s) deleted
1604422241558 - Processing callback for message id 93572 to client 90993297
1604422241572 - DB received message not meant for DB, probably meant for client. Ignoring: topic=geowiki|key=90993297|value={'request_id': '93572', 'response': '1 record(s) deleted'}|timestamp=1604422241568
1604422241572 - Sent callback to client 90993297!
1604422241598 - DB received message topic=geowiki|key=1|value={"client_id": "90993297", "request_id": "6880", "action": "INSERT", "table": "city", "name": "West Luke", "parent_id": 46}|timestamp=1604422241596, sending received message to handler
1604422242563 - DB action message ID 56168 successful! 1 record(s) deleted
1604422242563 - Processing callback for message id 56168 to client 90993297
1604422242582 - DB received message not meant for DB, probably meant for client. Ignoring: topic=geowiki|key=90993297|value={'request_id': '56168', 'response': '1 record(s) deleted'}|timestamp=1604422242575
1604422242582 - Sent callback to client 90993297!
1604422242603 - DB received message topic=geowiki|key=1|value={"client_id": "90993297", "request_id": "39302", "action": "DELETE", "table": "city", "id": 393}|timestamp=1604422242600, sending received message to handler
1604422243584 - DB action message ID 76923 successful! 1 record(s) inserted
1604422243584 - Processing callback for message id 76923 to client 90993297
1604422243602 - DB received message not meant for DB, probably meant for client. Ignoring: topic=geowiki|key=90993297|value={'request_id': '76923', 'response': '1 record(s) inserted'}|timestamp=1604422243596
1604422243603 - Sent callback to client 90993297!
1604422243606 - DB received message topic=geowiki|key=1|value={"client_id": "90993297", "request_id": "21977", "action": "DELETE", "table": "city", "id": 560}|timestamp=1604422243604, sending received message to handler
1604422244585 - DB action message ID 79730 successful! 1 record(s) deleted
1604422244585 - Processing callback for message id 79730 to client 90993297
1604422244604 - DB received message not meant for DB, probably meant for client. Ignoring: topic=geowiki|key=90993297|value={'request_id': '79730', 'response': '1 record(s) deleted'}|timestamp=1604422244597
1604422244604 - Sent callback to client 90993297!
1604422244624 - DB received message topic=geowiki|key=1|value={"client_id": "90993297", "request_id": "37171", "action": "INSERT", "table": "city", "name": "New Patricia", "parent_id": 84}|timestamp=1604422244622, sending received message to handler
1604422245590 - DB action message ID 97294 successful! 1 record(s) deleted
1604422245591 - Processing callback for message id 97294 to client 90993297
1604422245604 - DB received message not meant for DB, probably meant for client. Ignoring: topic=geowiki|key=90993297|value={'request_id': '97294', 'response': '1 record(s) deleted'}|timestamp=1604422245600
1604422245604 - Sent callback to client 90993297!
1604422245627 - DB received message topic=geowiki|key=1|value={"client_id": "90993297", "request_id": "79172", "action": "UPDATE", "table": "country", "attribute": "population", "value": 656300, "id": 38}|timestamp=1604422245625, sending received message to handler
1604422246606 - DB action message ID 6880 successful! 1 record(s) inserted
1604422246606 - Processing callback for message id 6880 to client 90993297
1604422246625 - DB received message not meant for DB, probably meant for client. Ignoring: topic=geowiki|key=90993297|value={'request_id': '6880', 'response': '1 record(s) inserted'}|timestamp=1604422246619
1604422246625 - Sent callback to client 90993297!
1604422246630 - DB received message topic=geowiki|key=1|value={"client_id": "90993297", "request_id": "63019", "action": "UPDATE", "table": "country", "attribute": "no_hospitals", "value": 301569, "id": 93}|timestamp=1604422246629, sending received message to handler
1604422247612 - DB action message ID 39302 successful! 1 record(s) deleted
1604422247612 - Processing callback for message id 39302 to client 90993297
1604422247630 - DB received message not meant for DB, probably meant for client. Ignoring: topic=geowiki|key=90993297|value={'request_id': '39302', 'response': '1 record(s) deleted'}|timestamp=1604422247624
1604422247630 - Sent callback to client 90993297!
1604422247650 - DB received message topic=geowiki|key=1|value={"client_id": "90993297", "request_id": "63512", "action": "INSERT", "table": "city", "name": "New Michaelchester", "parent_id": 35}|timestamp=1604422247646, sending received message to handler
1604422248613 - DB action message ID 21977 successful! 1 record(s) deleted
1604422248614 - Processing callback for message id 21977 to client 90993297
1604422248632 - DB received message not meant for DB, probably meant for client. Ignoring: topic=geowiki|key=90993297|value={'request_id': '21977', 'response': '1 record(s) deleted'}|timestamp=1604422248626
1604422248632 - Sent callback to client 90993297!
1604422248654 - DB received message topic=geowiki|key=1|value={"client_id": "90993297", "request_id": "24721", "action": "UPDATE", "table": "country", "attribute": "no_rivers", "value": 316294, "id": 35}|timestamp=1604422248652, sending received message to handler
1604422249632 - DB action message ID 37171 successful! 1 record(s) inserted
1604422249632 - Processing callback for message id 37171 to client 90993297
1604422249651 - DB received message not meant for DB, probably meant for client. Ignoring: topic=geowiki|key=90993297|value={'request_id': '37171', 'response': '1 record(s) inserted'}|timestamp=1604422249645
1604422249651 - Sent callback to client 90993297!
1604422249657 - DB received message topic=geowiki|key=1|value={"client_id": "90993297", "request_id": "96467", "action": "UPDATE", "table": "country", "attribute": "no_hospitals", "value": 690756, "id": 26}|timestamp=1604422249656, sending received message to handler
1604422250636 - DB action message ID 79172 successful! 1 record(s) updated
1604422250636 - Processing callback for message id 79172 to client 90993297
1604422250655 - DB received message not meant for DB, probably meant for client. Ignoring: topic=geowiki|key=90993297|value={'request_id': '79172', 'response': '1 record(s) updated'}|timestamp=1604422250648
1604422250655 - Sent callback to client 90993297!
1604422250661 - DB received message topic=geowiki|key=1|value={"client_id": "90993297", "request_id": "13632", "action": "UPDATE", "table": "city", "attribute": "area", "value": 759675, "id": 60}|timestamp=1604422250659, sending received message to handler
1604422251639 - DB action message ID 63019 successful! 1 record(s) updated
1604422251640 - Processing callback for message id 63019 to client 90993297
1604422251654 - DB received message not meant for DB, probably meant for client. Ignoring: topic=geowiki|key=90993297|value={'request_id': '63019', 'response': '1 record(s) updated'}|timestamp=1604422251650
1604422251654 - Sent callback to client 90993297!
1604422251678 - DB received message topic=geowiki|key=1|value={"client_id": "90993297", "request_id": "25342", "action": "INSERT", "table": "city", "name": "Mckinneyville", "parent_id": 13}|timestamp=1604422251677, sending received message to handler
1604422252659 - DB action message ID 63512 successful! 1 record(s) inserted
1604422252659 - Processing callback for message id 63512 to client 90993297
1604422252673 - DB received message not meant for DB, probably meant for client. Ignoring: topic=geowiki|key=90993297|value={'request_id': '63512', 'response': '1 record(s) inserted'}|timestamp=1604422252669
1604422252674 - Sent callback to client 90993297!
1604422252682 - DB received message topic=geowiki|key=1|value={"client_id": "90993297", "request_id": "63269", "action": "DELETE", "table": "city", "id": 728}|timestamp=1604422252680, sending received message to handler
1604422253665 - DB action message ID 24721 successful! 1 record(s) updated
1604422253665 - Processing callback for message id 24721 to client 90993297
1604422253684 - DB received message not meant for DB, probably meant for client. Ignoring: topic=geowiki|key=90993297|value={'request_id': '24721', 'response': '1 record(s) updated'}|timestamp=1604422253677
1604422253685 - Sent callback to client 90993297!
1604422253699 - DB received message topic=geowiki|key=1|value={"client_id": "90993297", "request_id": "5234", "action": "INSERT", "table": "city", "name": "North Jeremyburgh", "parent_id": 32}|timestamp=1604422253697, sending received message to handler
1604422254665 - DB action message ID 96467 successful! 1 record(s) updated
1604422254666 - Processing callback for message id 96467 to client 90993297
1604422254685 - DB received message not meant for DB, probably meant for client. Ignoring: topic=geowiki|key=90993297|value={'request_id': '96467', 'response': '1 record(s) updated'}|timestamp=1604422254678
1604422254685 - Sent callback to client 90993297!
1604422254716 - DB received message topic=geowiki|key=1|value={"client_id": "90993297", "request_id": "77982", "action": "INSERT", "table": "city", "name": "East Jill", "parent_id": 97}|timestamp=1604422254715, sending received message to handler
1604422255666 - DB action message ID 13632 successful! Failed to update: 1644 (45000): check constraint area failed
1604422255667 - Processing callback for message id 13632 to client 90993297
1604422255689 - DB received message not meant for DB, probably meant for client. Ignoring: topic=geowiki|key=90993297|value={'request_id': '13632', 'response': 'Failed to update: 1644 (45000): check constraint area failed'}|timestamp=1604422255679
1604422255689 - Sent callback to client 90993297!
1604422255719 - DB received message topic=geowiki|key=1|value={"client_id": "90993297", "request_id": "19379", "action": "UPDATE", "table": "city", "attribute": "no_roads", "value": 682435, "id": 7}|timestamp=1604422255718, sending received message to handler
1604422256687 - DB action message ID 25342 successful! 1 record(s) inserted
1604422256688 - Processing callback for message id 25342 to client 90993297
1604422256705 - DB received message not meant for DB, probably meant for client. Ignoring: topic=geowiki|key=90993297|value={'request_id': '25342', 'response': '1 record(s) inserted'}|timestamp=1604422256700
1604422256705 - Sent callback to client 90993297!
1604422256724 - DB received message topic=geowiki|key=1|value={"client_id": "90993297", "request_id": "51998", "action": "UPDATE", "table": "city", "attribute": "population", "value": 170577, "id": 18}|timestamp=1604422256721, sending received message to handler
1604422257689 - DB action message ID 63269 successful! 1 record(s) deleted
1604422257689 - Processing callback for message id 63269 to client 90993297
1604422257708 - DB received message not meant for DB, probably meant for client. Ignoring: topic=geowiki|key=90993297|value={'request_id': '63269', 'response': '1 record(s) deleted'}|timestamp=1604422257701
1604422257708 - Sent callback to client 90993297!
1604422257729 - DB received message topic=geowiki|key=1|value={"client_id": "90993297", "request_id": "1347", "action": "UPDATE", "table": "continent", "attribute": "population", "value": 700048, "id": 39}|timestamp=1604422257726, sending received message to handler
1604422258707 - DB action message ID 5234 successful! 1 record(s) inserted
1604422258708 - Processing callback for message id 5234 to client 90993297
1604422258726 - DB received message not meant for DB, probably meant for client. Ignoring: topic=geowiki|key=90993297|value={'request_id': '5234', 'response': '1 record(s) inserted'}|timestamp=1604422258720
1604422258726 - Sent callback to client 90993297!
1604422258732 - DB received message topic=geowiki|key=1|value={"client_id": "90993297", "request_id": "24227", "action": "UPDATE", "table": "city", "attribute": "no_roads", "value": 568272, "id": 46}|timestamp=1604422258730, sending received message to handler
1604422259725 - DB action message ID 77982 successful! 1 record(s) inserted
1604422259725 - Processing callback for message id 77982 to client 90993297
1604422259745 - DB received message not meant for DB, probably meant for client. Ignoring: topic=geowiki|key=90993297|value={'request_id': '77982', 'response': '1 record(s) inserted'}|timestamp=1604422259739
1604422259745 - Sent callback to client 90993297!
1604422259757 - DB received message topic=geowiki|key=1|value={"client_id": "90993297", "request_id": "55515", "action": "INSERT", "table": "city", "name": "South Robertbury", "parent_id": 49}|timestamp=1604422259755, sending received message to handler
1604422260731 - DB action message ID 19379 successful! 1 record(s) updated
1604422260731 - Processing callback for message id 19379 to client 90993297
1604422260750 - DB received message not meant for DB, probably meant for client. Ignoring: topic=geowiki|key=90993297|value={'request_id': '19379', 'response': '1 record(s) updated'}|timestamp=1604422260743
1604422260750 - Sent callback to client 90993297!
1604422260774 - DB received message topic=geowiki|key=1|value={"client_id": "90993297", "request_id": "8045", "action": "INSERT", "table": "city", "name": "Mariachester", "parent_id": 77}|timestamp=1604422260772, sending received message to handler
1604422261729 - DB action message ID 51998 successful! Failed to update: 1644 (45000): check constraint population failed
1604422261729 - Processing callback for message id 51998 to client 90993297
1604422261748 - DB received message not meant for DB, probably meant for client. Ignoring: topic=geowiki|key=90993297|value={'request_id': '51998', 'response': 'Failed to update: 1644 (45000): check constraint population failed'}|timestamp=1604422261741
1604422261748 - Sent callback to client 90993297!
1604422261793 - DB received message topic=geowiki|key=1|value={"client_id": "90993297", "request_id": "74208", "action": "INSERT", "table": "city", "name": "Lake Jessica", "parent_id": 92}|timestamp=1604422261791, sending received message to handler
1604422262733 - DB action message ID 1347 successful! 0 record(s) updated
1604422262733 - Processing callback for message id 1347 to client 90993297
1604422262752 - DB received message not meant for DB, probably meant for client. Ignoring: topic=geowiki|key=90993297|value={'request_id': '1347', 'response': '0 record(s) updated'}|timestamp=1604422262745
1604422262752 - Sent callback to client 90993297!
1604422262796 - DB received message topic=geowiki|key=1|value={"client_id": "90993297", "request_id": "48350", "action": "DELETE", "table": "city", "id": 37}|timestamp=1604422262794, sending received message to handler
1604422263741 - DB action message ID 24227 successful! 1 record(s) updated
1604422263741 - Processing callback for message id 24227 to client 90993297
1604422263753 - DB received message not meant for DB, probably meant for client. Ignoring: topic=geowiki|key=90993297|value={'request_id': '24227', 'response': '1 record(s) updated'}|timestamp=1604422263750
1604422263754 - Sent callback to client 90993297!
1604422263801 - DB received message topic=geowiki|key=1|value={"client_id": "90993297", "request_id": "1468", "action": "DELETE", "table": "city", "id": 505}|timestamp=1604422263798, sending received message to handler
1604422264766 - DB action message ID 55515 successful! 1 record(s) inserted
1604422264766 - Processing callback for message id 55515 to client 90993297
1604422264781 - DB received message not meant for DB, probably meant for client. Ignoring: topic=geowiki|key=90993297|value={'request_id': '55515', 'response': '1 record(s) inserted'}|timestamp=1604422264776
1604422264781 - Sent callback to client 90993297!
1604422264805 - DB received message topic=geowiki|key=1|value={"client_id": "90993297", "request_id": "16842", "action": "DELETE", "table": "city", "id": 518}|timestamp=1604422264803, sending received message to handler
1604422265782 - DB action message ID 8045 successful! 1 record(s) inserted
1604422265783 - Processing callback for message id 8045 to client 90993297
1604422265800 - DB received message not meant for DB, probably meant for client. Ignoring: topic=geowiki|key=90993297|value={'request_id': '8045', 'response': '1 record(s) inserted'}|timestamp=1604422265795
1604422265800 - Sent callback to client 90993297!
1604422265809 - DB received message topic=geowiki|key=1|value={"client_id": "90993297", "request_id": "80418", "action": "DELETE", "table": "city", "id": 115}|timestamp=1604422265807, sending received message to handler
1604422266801 - DB action message ID 74208 successful! 1 record(s) inserted
1604422266801 - Processing callback for message id 74208 to client 90993297
1604422266818 - DB received message topic=geowiki|key=1|value={"client_id": "90993297", "request_id": "95694", "action": "DELETE", "table": "city", "id": 497}|timestamp=1604422266812, sending received message to handler
1604422266821 - DB received message not meant for DB, probably meant for client. Ignoring: topic=geowiki|key=90993297|value={'request_id': '74208', 'response': '1 record(s) inserted'}|timestamp=1604422266814
1604422266822 - Sent callback to client 90993297!
1604422267803 - DB action message ID 48350 successful! 1 record(s) deleted
1604422267803 - Processing callback for message id 48350 to client 90993297
1604422267821 - DB received message topic=geowiki|key=1|value={"client_id": "90993297", "request_id": "92411", "action": "DELETE", "table": "city", "id": 661}|timestamp=1604422267818, sending received message to handler
1604422267822 - Sent callback to client 90993297!
1604422267823 - DB received message not meant for DB, probably meant for client. Ignoring: topic=geowiki|key=90993297|value={'request_id': '48350', 'response': '1 record(s) deleted'}|timestamp=1604422267816
1604422268808 - DB action message ID 1468 successful! 1 record(s) deleted
1604422268808 - Processing callback for message id 1468 to client 90993297
1604422268827 - DB received message topic=geowiki|key=1|value={"client_id": "90993297", "request_id": "51600", "action": "UPDATE", "table": "city", "attribute": "population", "value": 511495, "id": 74}|timestamp=1604422268824, sending received message to handler
1604422268828 - Sent callback to client 90993297!
1604422268828 - DB received message not meant for DB, probably meant for client. Ignoring: topic=geowiki|key=90993297|value={'request_id': '1468', 'response': '1 record(s) deleted'}|timestamp=1604422268821
1604422269812 - DB action message ID 16842 successful! 1 record(s) deleted
1604422269813 - Processing callback for message id 16842 to client 90993297
1604422269832 - DB received message not meant for DB, probably meant for client. Ignoring: topic=geowiki|key=90993297|value={'request_id': '16842', 'response': '1 record(s) deleted'}|timestamp=1604422269827
1604422269832 - Sent callback to client 90993297!
1604422269851 - DB received message topic=geowiki|key=1|value={"client_id": "90993297", "request_id": "24652", "action": "INSERT", "table": "city", "name": "West Garrettfurt", "parent_id": 60}|timestamp=1604422269847, sending received message to handler
1604422270816 - DB action message ID 80418 successful! 1 record(s) deleted
1604422270817 - Processing callback for message id 80418 to client 90993297
1604422270829 - DB received message not meant for DB, probably meant for client. Ignoring: topic=geowiki|key=90993297|value={'request_id': '80418', 'response': '1 record(s) deleted'}|timestamp=1604422270825
1604422270829 - Sent callback to client 90993297!
1604422270855 - DB received message topic=geowiki|key=1|value={"client_id": "90993297", "request_id": "50801", "action": "UPDATE", "table": "city", "attribute": "no_roads", "value": 179716, "id": 45}|timestamp=1604422270853, sending received message to handler
1604422271826 - DB action message ID 95694 successful! 1 record(s) deleted
1604422271827 - Processing callback for message id 95694 to client 90993297
1604422271845 - DB received message not meant for DB, probably meant for client. Ignoring: topic=geowiki|key=90993297|value={'request_id': '95694', 'response': '1 record(s) deleted'}|timestamp=1604422271838
1604422271846 - Sent callback to client 90993297!
1604422271858 - DB received message topic=geowiki|key=1|value={"client_id": "90993297", "request_id": "16768", "action": "DELETE", "table": "city", "id": 567}|timestamp=1604422271856, sending received message to handler
1604422272828 - DB action message ID 92411 successful! 1 record(s) deleted
1604422272828 - Processing callback for message id 92411 to client 90993297
1604422272835 - DB received message not meant for DB, probably meant for client. Ignoring: topic=geowiki|key=90993297|value={'request_id': '92411', 'response': '1 record(s) deleted'}|timestamp=1604422272832
1604422272836 - Sent callback to client 90993297!
1604422272862 - DB received message topic=geowiki|key=1|value={"client_id": "90993297", "request_id": "8790", "action": "UPDATE", "table": "city", "attribute": "no_roads", "value": 93751, "id": 59}|timestamp=1604422272860, sending received message to handler
1604422273832 - DB action message ID 51600 successful! Failed to update: 1644 (45000): check constraint population failed
1604422273832 - Processing callback for message id 51600 to client 90993297
1604422273839 - DB received message not meant for DB, probably meant for client. Ignoring: topic=geowiki|key=90993297|value={'request_id': '51600', 'response': 'Failed to update: 1644 (45000): check constraint population failed'}|timestamp=1604422273836
1604422273840 - Sent callback to client 90993297!
1604422273879 - DB received message topic=geowiki|key=1|value={"client_id": "90993297", "request_id": "55017", "action": "INSERT", "table": "city", "name": "West Sarashire", "parent_id": 103}|timestamp=1604422273878, sending received message to handler
1604422274859 - DB action message ID 24652 successful! 1 record(s) inserted
1604422274859 - Processing callback for message id 24652 to client 90993297
1604422274877 - DB received message not meant for DB, probably meant for client. Ignoring: topic=geowiki|key=90993297|value={'request_id': '24652', 'response': '1 record(s) inserted'}|timestamp=1604422274871
1604422274878 - Sent callback to client 90993297!
1604422274882 - DB received message topic=geowiki|key=1|value={"client_id": "90993297", "request_id": "3043", "action": "DELETE", "table": "city", "id": 132}|timestamp=1604422274880, sending received message to handler
1604422275861 - DB action message ID 50801 successful! 0 record(s) updated
1604422275861 - Processing callback for message id 50801 to client 90993297
1604422275879 - DB received message not meant for DB, probably meant for client. Ignoring: topic=geowiki|key=90993297|value={'request_id': '50801', 'response': '0 record(s) updated'}|timestamp=1604422275873
1604422275879 - Sent callback to client 90993297!
1604422275885 - DB received message topic=geowiki|key=1|value={"client_id": "90993297", "request_id": "97004", "action": "UPDATE", "table": "country", "attribute": "no_parks", "value": 518202, "id": 29}|timestamp=1604422275883, sending received message to handler
1604422276865 - DB action message ID 16768 successful! 1 record(s) deleted
1604422276865 - Processing callback for message id 16768 to client 90993297
1604422276878 - DB received message not meant for DB, probably meant for client. Ignoring: topic=geowiki|key=90993297|value={'request_id': '16768', 'response': '1 record(s) deleted'}|timestamp=1604422276875
1604422276878 - Sent callback to client 90993297!
1604422276899 - DB received message topic=geowiki|key=1|value={"client_id": "90993297", "request_id": "98130", "action": "INSERT", "table": "city", "name": "Fordton", "parent_id": 101}|timestamp=1604422276897, sending received message to handler
1604422277871 - DB action message ID 8790 successful! 1 record(s) updated
1604422277871 - Processing callback for message id 8790 to client 90993297
1604422277892 - DB received message not meant for DB, probably meant for client. Ignoring: topic=geowiki|key=90993297|value={'request_id': '8790', 'response': '1 record(s) updated'}|timestamp=1604422277883
1604422277893 - Sent callback to client 90993297!
1604422277905 - DB received message topic=geowiki|key=1|value={"client_id": "90993297", "request_id": "4028", "action": "UPDATE", "table": "country", "attribute": "no_schools", "value": 30456, "id": 11}|timestamp=1604422277901, sending received message to handler
1604422278888 - DB action message ID 55017 successful! 1 record(s) inserted
1604422278888 - Processing callback for message id 55017 to client 90993297
1604422278912 - Sent callback to client 90993297!
1604422278913 - DB received message not meant for DB, probably meant for client. Ignoring: topic=geowiki|key=90993297|value={'request_id': '55017', 'response': '1 record(s) inserted'}|timestamp=1604422278900
1604422278929 - DB received message topic=geowiki|key=1|value={"client_id": "90993297", "request_id": "91447", "action": "INSERT", "table": "city", "name": "East Linda", "parent_id": 39}|timestamp=1604422278928, sending received message to handler
1604422279890 - DB action message ID 3043 successful! 1 record(s) deleted
1604422279890 - Processing callback for message id 3043 to client 90993297
1604422279908 - DB received message not meant for DB, probably meant for client. Ignoring: topic=geowiki|key=90993297|value={'request_id': '3043', 'response': '1 record(s) deleted'}|timestamp=1604422279902
1604422279908 - Sent callback to client 90993297!
1604422279954 - DB received message topic=geowiki|key=1|value={"client_id": "90993297", "request_id": "97105", "action": "INSERT", "table": "city", "name": "Scottfort", "parent_id": 28}|timestamp=1604422279952, sending received message to handler
1604422280894 - DB action message ID 97004 successful! 1 record(s) updated
1604422280894 - Processing callback for message id 97004 to client 90993297
1604422280912 - DB received message not meant for DB, probably meant for client. Ignoring: topic=geowiki|key=90993297|value={'request_id': '97004', 'response': '1 record(s) updated'}|timestamp=1604422280906
1604422280913 - Sent callback to client 90993297!
1604422280959 - DB received message topic=geowiki|key=1|value={"client_id": "90993297", "request_id": "30125", "action": "UPDATE", "table": "continent", "attribute": "area", "value": 476780, "id": 70}|timestamp=1604422280956, sending received message to handler
1604422281906 - DB action message ID 98130 successful! 1 record(s) inserted
1604422281906 - Processing callback for message id 98130 to client 90993297
1604422281926 - DB received message not meant for DB, probably meant for client. Ignoring: topic=geowiki|key=90993297|value={'request_id': '98130', 'response': '1 record(s) inserted'}|timestamp=1604422281918
1604422281927 - Sent callback to client 90993297!
1604422281978 - DB received message topic=geowiki|key=1|value={"client_id": "90993297", "request_id": "41082", "action": "INSERT", "table": "city", "name": "Smithhaven", "parent_id": 97}|timestamp=1604422281976, sending received message to handler
1604422282915 - DB action message ID 4028 successful! 1 record(s) updated
1604422282915 - Processing callback for message id 4028 to client 90993297
1604422282933 - DB received message not meant for DB, probably meant for client. Ignoring: topic=geowiki|key=90993297|value={'request_id': '4028', 'response': '1 record(s) updated'}|timestamp=1604422282927
1604422282933 - Sent callback to client 90993297!
1604422282982 - DB received message topic=geowiki|key=1|value={"client_id": "90993297", "request_id": "25147", "action": "UPDATE", "table": "continent", "attribute": "population", "value": 906694, "id": 47}|timestamp=1604422282980, sending received message to handler
1604422283938 - DB action message ID 91447 successful! 1 record(s) inserted
1604422283939 - Processing callback for message id 91447 to client 90993297
1604422283957 - DB received message not meant for DB, probably meant for client. Ignoring: topic=geowiki|key=90993297|value={'request_id': '91447', 'response': '1 record(s) inserted'}|timestamp=1604422283950
1604422283957 - Sent callback to client 90993297!
1604422284000 - DB received message topic=geowiki|key=1|value={"client_id": "90993297", "request_id": "26329", "action": "INSERT", "table": "city", "name": "East Patrickshire", "parent_id": 109}|timestamp=1604422283997, sending received message to handler
1604422284961 - DB action message ID 97105 successful! 1 record(s) inserted
1604422284961 - Processing callback for message id 97105 to client 90993297
1604422284979 - DB received message not meant for DB, probably meant for client. Ignoring: topic=geowiki|key=90993297|value={'request_id': '97105', 'response': '1 record(s) inserted'}|timestamp=1604422284973
1604422284979 - Sent callback to client 90993297!
1604422285017 - DB received message topic=geowiki|key=1|value={"client_id": "90993297", "request_id": "63430", "action": "INSERT", "table": "city", "name": "North Teresa", "parent_id": 39}|timestamp=1604422285015, sending received message to handler
1604422285965 - DB action message ID 30125 successful! 0 record(s) updated
1604422285965 - Processing callback for message id 30125 to client 90993297
1604422285984 - DB received message not meant for DB, probably meant for client. Ignoring: topic=geowiki|key=90993297|value={'request_id': '30125', 'response': '0 record(s) updated'}|timestamp=1604422285977
1604422285984 - Sent callback to client 90993297!
1604422286046 - DB received message topic=geowiki|key=1|value={"client_id": "90993297", "request_id": "25448", "action": "INSERT", "table": "city", "name": "South Marvin", "parent_id": 109}|timestamp=1604422286044, sending received message to handler
1604422286983 - DB action message ID 41082 successful! 1 record(s) inserted
1604422286984 - Processing callback for message id 41082 to client 90993297
1604422286992 - Sent callback to client 90993297!
1604422286992 - DB received message not meant for DB, probably meant for client. Ignoring: topic=geowiki|key=90993297|value={'request_id': '41082', 'response': '1 record(s) inserted'}|timestamp=1604422286989
1604422287050 - DB received message topic=geowiki|key=1|value={"client_id": "90993297", "request_id": "95206", "action": "DELETE", "table": "city", "id": 416}|timestamp=1604422287048, sending received message to handler
1604422287986 - DB action message ID 25147 successful! 0 record(s) updated
1604422287986 - Processing callback for message id 25147 to client 90993297
1604422288006 - Sent callback to client 90993297!
1604422288007 - DB received message not meant for DB, probably meant for client. Ignoring: topic=geowiki|key=90993297|value={'request_id': '25147', 'response': '0 record(s) updated'}|timestamp=1604422287997
1604422288057 - DB received message topic=geowiki|key=1|value={"client_id": "90993297", "request_id": "80627", "action": "DELETE", "table": "city", "id": 631}|timestamp=1604422288053, sending received message to handler
1604422289008 - DB action message ID 26329 successful! 1 record(s) inserted
1604422289008 - Processing callback for message id 26329 to client 90993297
1604422289029 - DB received message not meant for DB, probably meant for client. Ignoring: topic=geowiki|key=90993297|value={'request_id': '26329', 'response': '1 record(s) inserted'}|timestamp=1604422289020
1604422289029 - Sent callback to client 90993297!
1604422289064 - DB received message topic=geowiki|key=1|value={"client_id": "90993297", "request_id": "37011", "action": "UPDATE", "table": "city", "attribute": "no_roads", "value": 148580, "id": 98}|timestamp=1604422289060, sending received message to handler
1604422290026 - DB action message ID 63430 successful! 1 record(s) inserted
1604422290026 - Processing callback for message id 63430 to client 90993297
1604422290047 - DB received message not meant for DB, probably meant for client. Ignoring: topic=geowiki|key=90993297|value={'request_id': '63430', 'response': '1 record(s) inserted'}|timestamp=1604422290039
1604422290048 - Sent callback to client 90993297!
1604422290071 - DB received message topic=geowiki|key=1|value={"client_id": "90993297", "request_id": "39878", "action": "DELETE", "table": "city", "id": 42}|timestamp=1604422290067, sending received message to handler
1604422291055 - DB action message ID 25448 successful! 1 record(s) inserted
1604422291055 - Processing callback for message id 25448 to client 90993297
1604422291076 - DB received message not meant for DB, probably meant for client. Ignoring: topic=geowiki|key=90993297|value={'request_id': '25448', 'response': '1 record(s) inserted'}|timestamp=1604422291067
1604422291077 - Sent callback to client 90993297!
1604422291092 - DB received message topic=geowiki|key=1|value={"client_id": "90993297", "request_id": "80213", "action": "INSERT", "table": "city", "name": "Hallchester", "parent_id": 40}|timestamp=1604422291091, sending received message to handler
1604422292057 - DB action message ID 95206 successful! 1 record(s) deleted
1604422292057 - Processing callback for message id 95206 to client 90993297
1604422292078 - DB received message not meant for DB, probably meant for client. Ignoring: topic=geowiki|key=90993297|value={'request_id': '95206', 'response': '1 record(s) deleted'}|timestamp=1604422292069
1604422292079 - Sent callback to client 90993297!
1604422292110 - DB received message topic=geowiki|key=1|value={"client_id": "90993297", "request_id": "72297", "action": "INSERT", "table": "city", "name": "Smithmouth", "parent_id": 100}|timestamp=1604422292109, sending received message to handler
1604422293065 - DB action message ID 80627 successful! 1 record(s) deleted
1604422293065 - Processing callback for message id 80627 to client 90993297
1604422293086 - DB received message not meant for DB, probably meant for client. Ignoring: topic=geowiki|key=90993297|value={'request_id': '80627', 'response': '1 record(s) deleted'}|timestamp=1604422293077
1604422293086 - Sent callback to client 90993297!
1604422293117 - DB received message topic=geowiki|key=1|value={"client_id": "90993297", "request_id": "30994", "action": "DELETE", "table": "city", "id": 630}|timestamp=1604422293113, sending received message to handler
1604422294073 - DB action message ID 37011 successful! 1 record(s) updated
1604422294073 - Processing callback for message id 37011 to client 90993297
1604422294094 - Sent callback to client 90993297!
1604422294095 - DB received message not meant for DB, probably meant for client. Ignoring: topic=geowiki|key=90993297|value={'request_id': '37011', 'response': '1 record(s) updated'}|timestamp=1604422294085
1604422295078 - DB action message ID 39878 successful! 1 record(s) deleted
1604422295079 - Processing callback for message id 39878 to client 90993297
1604422295101 - DB received message not meant for DB, probably meant for client. Ignoring: topic=geowiki|key=90993297|value={'request_id': '39878', 'response': '1 record(s) deleted'}|timestamp=1604422295092
1604422295101 - Sent callback to client 90993297!
